make.exe all --print-data-base --no-builtin-variables --no-builtin-rules --question
Makefile:12: ../../common/common.mk: No such file or directory
make: *** No rule to make target '../../common/common.mk'.  Stop.

# GNU Make 4.3
# Built for Windows32
# Copyright (C) 1988-2020 Free Software Foundation, Inc.
# License GPLv3+: GNU GPL version 3 or later <http://gnu.org/licenses/gpl.html>
# This is free software: you are free to change and redistribute it.
# There is NO WARRANTY, to the extent permitted by law.

# Make data base, printed on Tue May 17 18:39:05 2022

# Variables

# environment
FPS_BROWSER_APP_PROFILE_STRING = Internet Explorer
# environment
SYSTEMDRIVE = C:
# environment
LC_ALL = C
# environment
_MSYS2_BASH = C:\tools\msys64\usr\bin\bash.exe
# makefile (from 'Makefile', line 4)
CUFILES := Nick.cu
# environment
USERPROFILE = C:\Users\lator
# environment
LOCALAPPDATA = C:\Users\lator\AppData\Local
# environment
VSCODE_IPC_HOOK_EXTHOST = \\.\pipe\vscode-ipc-ab143959-a940-405f-8c8c-29dc0f729309-sock
# environment
VSCODE_CWD = C:\Users\lator\AppData\Local\Programs\Microsoft VS Code
# environment
CHOCOLATEYINSTALL = C:\ProgramData\chocolatey
# environment
SYSTEMROOT = C:\WINDOWS
# environment
PROCESSOR_LEVEL = 6
# environment
PSMODULEPATH = C:\Program Files\WindowsPowerShell\Modules;C:\WINDOWS\system32\WindowsPowerShell\v1.0\Modules
# default
MAKE_COMMAND := c:/programdata/chocolatey/lib/make/tools/install/bin/make.exe
# automatic
@D = $(patsubst %/,%,$(patsubst %\,%,$(dir $@)))
# environment
CHROME_CRASHPAD_PIPE_NAME = \\.\pipe\crashpad_25268_NOHJGBPNFYNEMCDE
# environment
FPS_BROWSER_USER_PROFILE_STRING = Default
# environment
VSCODE_HANDLES_UNCAUGHT_ERRORS = true
# default
.VARIABLES := 
# automatic
%D = $(patsubst %/,%,$(patsubst %\,%,$(dir $%)))
# automatic
^D = $(patsubst %/,%,$(patsubst %\,%,$(dir $^)))
# environment
VSCODE_LOG_STACK = false
# automatic
%F = $(notdir $%)
# environment
VSCODE_CODE_CACHE_PATH = C:\Users\lator\AppData\Roaming\Code\CachedData\da15b6fd3ef856477bf6f4fb29ba1b7af717770d
# environment
LANG = C
# default
.LOADED := 
# environment
TMP = C:\Users\lator\AppData\Local\Temp
# default
.INCLUDE_DIRS = .
# environment
PROCESSOR_ARCHITEW6432 = AMD64
# makefile
MAKEFLAGS = prR
# environment
ONEDRIVE = C:\Users\lator\OneDrive
# makefile
CURDIR := c:/Users/lator/Documents/GitHub/localBinaryCuda/HassanNajafi/CUDA-Nick-Local-Image-Thresholding-master
# environment
VSCODE_PIPE_LOGGING = true
# environment
APPLICATION_INSIGHTS_NO_DIAGNOSTIC_CHANNEL = 1
# automatic
*D = $(patsubst %/,%,$(patsubst %\,%,$(dir $*)))
# environment
PROGRAMFILES = C:\Program Files (x86)
# environment
MFLAGS = -prR
# default
.SHELLFLAGS := -c
# environment
COMMONPROGRAMW6432 = C:\Program Files\Common Files
# automatic
+D = $(patsubst %/,%,$(patsubst %\,%,$(dir $+)))
# makefile (from 'Makefile', line 1)
MAKEFILE_LIST := Makefile
# automatic
@F = $(notdir $@)
# environment
VSCODE_VERBOSE_LOGGING = true
# environment
VSCODE_PID = 25268
# environment
CUDA_PATH = C:\Program Files\NVIDIA GPU Computing Toolkit\CUDA\v11.6
# automatic
?D = $(patsubst %/,%,$(patsubst %\,%,$(dir $?)))
# makefile (from 'Makefile', line 7)
CCFILES := Nick_gold.cpp 
# automatic
*F = $(notdir $*)
# automatic
<D = $(patsubst %/,%,$(patsubst %\,%,$(dir $<)))
# environment
VSCODE_NLS_CONFIG = {"locale":"en-us","availableLanguages":{},"_languagePackSupport":true}
# environment
INTELLIJ IDEA EDUCATIONAL EDITION = C:\Program Files\JetBrains\IntelliJ IDEA Educational Edition 2021.3\bin;
# environment
JD2_HOME = C:\Users\lator\AppData\Local\JDownloader 2.0
# environment
ONEDRIVECONSUMER = C:\Users\lator\OneDrive
# default
MAKE_HOST := Windows32
# environment
PROGRAMDATA = C:\ProgramData
# default
SHELL := sh.exe
# environment
HOMEPATH = \Users\lator
# default
MAKECMDGOALS := all
# environment
DRIVERDATA = C:\Windows\System32\Drivers\DriverData
# environment
COMSPEC = C:\WINDOWS\system32\cmd.exe
# environment
WINDIR = C:\WINDOWS
# environment
MAKELEVEL := 0
# makefile (from 'Makefile', line 5)
CUDEPS := Nick.cu Nick.h
# default
MAKE = $(MAKE_COMMAND)
# environment
PATH = C:\Program Files\NVIDIA GPU Computing Toolkit\CUDA\v11.6\bin;C:\Program Files\NVIDIA GPU Computing Toolkit\CUDA\v11.6\libnvvp;C:\Program Files\NVIDIA GPU Computing Toolkit\CUDA\v11.2\extras\CUPTI\lib64;C:\Program Files\NVIDIA GPU Computing Toolkit\CUDA\v11.2\include;C:\Users\lator\Documents\nvidia\cudnn\cuda\bin;C:\Program Files\Java\jdk-17.0.1\bin;C:\Program Files\Common Files\Oracle\Java\javapath;C:\Program Files (x86)\Common Files\Oracle\Java\javapath;c:\program files\eclipse foundation\jdk-11.0.12.7-hotspot\bin;c:\program files (x86)\vmware\vmware player\bin\;c:\windows\system32;c:\windows;c:\windows\system32\wbem;c:\windows\system32\windowspowershell\v1.0\;c:\windows\system32\openssh\;c:\program files\nvidia corporation\nvidia nvdlisr;c:\programdata\chocolatey\bin;c:\program files\microsoft sql server\120\tools\binn\;c:\program files\dotnet\;c:\program files\calibre2\;C:\Program Files (x86)\NVIDIA Corporation\PhysX\Common;C:\Program Files\Git\cmd;C:\Program Files\Common Files\Autodesk Shared\;C:\Users\lator\Documents\ffmpeg\bin;C:\Program Files\NVIDIA Corporation\Nsight Compute 2022.1.1\;C:\Program Files\MATLAB\R2021b\bin;;C:\WINDOWS\system32;C:\WINDOWS;C:\WINDOWS\System32\Wbem;C:\WINDOWS\System32\WindowsPowerShell\v1.0\;C:\WINDOWS\System32\OpenSSH\;%SystemRoot%\system32;%SystemRoot%;%SystemRoot%\System32\Wbem;%SYSTEMROOT%\System32\WindowsPowerShell\v1.0\;%SYSTEMROOT%\System32\OpenSSH\;C:\Users\lator\AppData\Local\Programs\Python\Python38\Scripts\;C:\Users\lator\AppData\Local\Programs\Python\Python38\;C:\Users\lator\AppData\Local\Microsoft\WindowsApps;C:\Users\lator\AppData\Local\Programs\Microsoft VS Code\bin;C:\tools\gpu\NVFLASH\x64;C:\Program Files\mingw-w64\x86_64-8.1.0-posix-seh-rt_v6-rev0\mingw64\bin;C:\Qt\5.15.2\mingw81_64\bin;C:\Users\lator\AppData\Roaming\cabal\bin;C:\tools\ghc-9.0.1\bin;C:\Users\lator\AppData\Local\GitHubDesktop\bin;C:\Program Files\JetBrains\IntelliJ IDEA Educational Edition 2021.3\bin;;
# environment
ZES_ENABLE_SYSMAN = 1
# environment
COMPUTERNAME = DESKTOP-O9K8TPQ
# default
MAKEFILES := 
# automatic
^F = $(notdir $^)
# environment
_MSYS2_PREFIX = x86_64
# environment
PROMPT = $P$G
# environment
CHOCOLATEYLASTPATHUPDATE = 132762938585472307
# environment
NVTOOLSEXT_PATH = C:\Program Files\NVIDIA Corporation\NvToolsExt\
# environment
LOGONSERVER = \\DESKTOP-O9K8TPQ
# environment
VSCODE_LOG_NATIVE = false
# environment
USERNAME = lator
# environment
COMMONPROGRAMFILES = C:\Program Files (x86)\Common Files
# automatic
?F = $(notdir $?)
# environment
PROGRAMW6432 = C:\Program Files
# environment
MSFS_SDK = C:\MSFS SDK\
# environment
PATHEXT = .COM;.EXE;.BAT;.CMD;.VBS;.VBE;.JS;.JSE;.WSF;.WSH;.MSC
# automatic
+F = $(notdir $+)
# environment
ORIGINAL_XDG_CURRENT_DESKTOP = undefined
# environment
USERDOMAIN = DESKTOP-O9K8TPQ
# 'override' directive
GNUMAKEFLAGS := 
# environment
OS = Windows_NT
# environment
CUDA_PATH_V11_6 = C:\Program Files\NVIDIA GPU Computing Toolkit\CUDA\v11.6
# makefile
.DEFAULT_GOAL := 
# default
MAKE_VERSION := 4.3
# environment
PROGRAMFILES(X86) = C:\Program Files (x86)
# makefile (from 'Makefile', line 2)
EXECUTABLE := Nick
# environment
USERDOMAIN_ROAMINGPROFILE = DESKTOP-O9K8TPQ
# environment
NUMBER_OF_PROCESSORS = 16
# environment
PUBLIC = C:\Users\Public
# environment
ASL.LOG = Destination=file
# environment
APPDATA = C:\Users\lator\AppData\Roaming
# environment
HOMEDRIVE = C:
# environment
PROCESSOR_ARCHITECTURE = x86
# environment
VSCODE_AMD_ENTRYPOINT = vs/workbench/api/node/extensionHostProcess
# environment
COMMONPROGRAMFILES(X86) = C:\Program Files (x86)\Common Files
# environment
ELECTRON_RUN_AS_NODE = 1
# environment
TEMP = C:\Users\lator\AppData\Local\Temp
# environment
VSCODE_IPC_HOOK = \\.\pipe\b861bdf9c0a79940b580fbd69e951cd2-1.67.1-main-sock
# default
.RECIPEPREFIX := 
# automatic
<F = $(notdir $<)
# makefile (from 'Makefile', line 8)
CDEPS := Nick.h
# default
SUFFIXES := 
# environment
ALLUSERSPROFILE = C:\ProgramData
# environment
SESSIONNAME = Console
# environment
QTMSBUILD = C:\Users\lator\AppData\Local\QtMsBuild
# environment
ADSK_3DSMAX_X64_2022 = C:\Program Files\Autodesk\3ds Max 2022\
# default
.FEATURES := target-specific order-only second-expansion else-if shortest-stem undefine oneshell nocomment grouped-target extra-prereqs archives jobserver output-sync load
# environment
PROCESSOR_REVISION = a502
# environment
CHOCOLATEYTOOLSLOCATION = C:\tools
# environment
PROCESSOR_IDENTIFIER = Intel64 Family 6 Model 165 Stepping 2, GenuineIntel
# variable set hash-table stats:
# Load=115/1024=11%, Rehash=0, Collisions=10/138=7%

# Pattern-specific Variable Values

# No pattern-specific variable values.

# Directories

# . (key c:/Users/lator/Documents/GitHub/localBinaryCuda/HassanNajafi/CUDA-Nick-Local-Image-Thresholding-master, mtime 1652805544): 9 files, no impossibilities.

# 9 files, no impossibilities in 1 directories.

# Implicit Rules

# No implicit rules.

# Files

# Not a target:
Makefile:
#  Implicit rule search has not been done.
#  Last modified 2016-09-05 06:38:35
#  File has not been updated.

# Not a target:
../../common/common.mk:
#  Implicit rule search has been done.
#  File does not exist.
#  File has not been updated.

# Not a target:
.DEFAULT:
#  Implicit rule search has not been done.
#  Modification time never checked.
#  File has not been updated.

# Not a target:
all:
#  Command line target.
#  Implicit rule search has not been done.
#  Modification time never checked.
#  File has not been updated.

# files hash-table stats:
# Load=5/1024=0%, Rehash=0, Collisions=0/16=0%
# VPATH Search Paths

# No 'vpath' search paths.

# No  
general ('VPATH' variable) search path.

# strcache buffers: 1 (0) / strings = 13 / storage = 120 B / avg = 9 B
# current buf: size = 8174 B / used = 120 B / count = 13 / avg = 9 B

# strcache performance: lookups = 18 / hit rate = 27%
# hash-table stats:
# Load=13/8192=0%, Rehash=0, Collisions=0/18=0%
# Finished Make data base on Tue May 17 18:39:05 2022

 
